S:\MVS_PROJECTS\GRAFEDITOR\GRAFEDITOR\RELEASE\MAIN.OBJ
S:\MVS_PROJECTS\GRAFEDITOR\GRAFEDITOR\RELEASE\FUNC.OBJ
S:\MVS_PROJECTS\GRAFEDITOR\GRAFEDITOR\RELEASE\VC110.PDB
S:\MVS_PROJECTS\GRAFEDITOR\RELEASE\GRAFEDITOR.EXE
S:\MVS_PROJECTS\GRAFEDITOR\RELEASE\GRAFEDITOR.PDB
S:\MVS_PROJECTS\GRAFEDITOR\GRAFEDITOR\RELEASE\RESOURCE.RES
S:\MVS_Projects\GrafEditor\GrafEditor\Release\func.obj
S:\MVS_Projects\GrafEditor\GrafEditor\Release\main.obj
S:\MVS_Projects\GrafEditor\GrafEditor\Release\cl.command.1.tlog
S:\MVS_Projects\GrafEditor\GrafEditor\Release\CL.read.1.tlog
S:\MVS_Projects\GrafEditor\GrafEditor\Release\CL.write.1.tlog
S:\MVS_Projects\GrafEditor\GrafEditor\Release\link-cvtres.read.1.tlog
S:\MVS_Projects\GrafEditor\GrafEditor\Release\link-cvtres.write.1.tlog
S:\MVS_Projects\GrafEditor\GrafEditor\Release\link-rc.read.1.tlog
S:\MVS_Projects\GrafEditor\GrafEditor\Release\link-rc.write.1.tlog
S:\MVS_Projects\GrafEditor\GrafEditor\Release\link.command.1.tlog
S:\MVS_Projects\GrafEditor\GrafEditor\Release\link.read.1.tlog
S:\MVS_Projects\GrafEditor\GrafEditor\Release\link.write.1.tlog
S:\MVS_Projects\GrafEditor\GrafEditor\Release\rc.command.1.tlog
S:\MVS_Projects\GrafEditor\GrafEditor\Release\rc.read.1.tlog
S:\MVS_Projects\GrafEditor\GrafEditor\Release\rc.write.1.tlog
S:\MVS_Projects\GrafEditor\GrafEditor\Release\Resource.res
S:\MVS_Projects\GrafEditor\GrafEditor\Release\vc110.pdb
S:\MVS_Projects\GrafEditor\Release\GrafEditor.pdb
S:\MVS_Projects\GrafEditor\Release\GrafEditor.exe
