S:\MVS_PROJECTS\GRAFEDITOR\GRAFEDITOR\DEBUG\FUNC.OBJ
S:\MVS_PROJECTS\GRAFEDITOR\GRAFEDITOR\DEBUG\MAIN.OBJ
S:\MVS_PROJECTS\GRAFEDITOR\GRAFEDITOR\DEBUG\VC110.PDB
S:\MVS_PROJECTS\GRAFEDITOR\DEBUG\GRAFEDITOR.ILK
S:\MVS_PROJECTS\GRAFEDITOR\DEBUG\GRAFEDITOR.EXE
S:\MVS_PROJECTS\GRAFEDITOR\DEBUG\GRAFEDITOR.PDB
S:\MVS_PROJECTS\GRAFEDITOR\GRAFEDITOR\DEBUG\RESOURCE.RES
S:\MVS_Projects\GrafEditor\GrafEditor\Debug\func.obj
S:\MVS_Projects\GrafEditor\GrafEditor\Debug\main.obj
S:\MVS_Projects\GrafEditor\GrafEditor\Debug\cl.command.1.tlog
S:\MVS_Projects\GrafEditor\GrafEditor\Debug\CL.read.1.tlog
S:\MVS_Projects\GrafEditor\GrafEditor\Debug\CL.write.1.tlog
S:\MVS_Projects\GrafEditor\GrafEditor\Debug\link-cvtres.read.1.tlog
S:\MVS_Projects\GrafEditor\GrafEditor\Debug\link-cvtres.write.1.tlog
S:\MVS_Projects\GrafEditor\GrafEditor\Debug\link-rc.read.1.tlog
S:\MVS_Projects\GrafEditor\GrafEditor\Debug\link-rc.write.1.tlog
S:\MVS_Projects\GrafEditor\GrafEditor\Debug\link.command.1.tlog
S:\MVS_Projects\GrafEditor\GrafEditor\Debug\link.read.1.tlog
S:\MVS_Projects\GrafEditor\GrafEditor\Debug\link.write.1.tlog
S:\MVS_Projects\GrafEditor\GrafEditor\Debug\rc.command.1.tlog
S:\MVS_Projects\GrafEditor\GrafEditor\Debug\rc.read.1.tlog
S:\MVS_Projects\GrafEditor\GrafEditor\Debug\rc.write.1.tlog
S:\MVS_Projects\GrafEditor\GrafEditor\Debug\Resource.res
S:\MVS_Projects\GrafEditor\GrafEditor\Debug\vc110.idb
S:\MVS_Projects\GrafEditor\GrafEditor\Debug\vc110.pdb
S:\MVS_Projects\GrafEditor\Debug\GrafEditor.pdb
S:\MVS_Projects\GrafEditor\Debug\GrafEditor.exe
S:\MVS_Projects\GrafEditor\Debug\GrafEditor.ilk
